<?xml version="1.0" encoding="UTF-8"?>
<testng-results skipped="0" failed="5" ignored="0" total="10" passed="5">
  <reporter-output>
  </reporter-output>
  <suite name="Default suite" duration-ms="14105" started-at="2023-06-27T08:21:31Z" finished-at="2023-06-27T08:21:45Z">
    <groups>
    </groups>
    <test name="Default test" duration-ms="14105" started-at="2023-06-27T08:21:31Z" finished-at="2023-06-27T08:21:45Z">
      <class name="NextBirthDayDatenew.NextBirthDayDatenew.NextBirthdayAPITest">
        <test-method status="PASS" signature="setUp()[pri:0, instance:NextBirthDayDatenew.NextBirthDayDatenew.NextBirthdayAPITest@3e6fa38a]" name="setUp" is-config="true" duration-ms="4455" started-at="2023-06-27T13:51:31Z" finished-at="2023-06-27T13:51:35Z">
          <reporter-output>
          </reporter-output>
        </test-method> <!-- setUp -->
        <test-method status="PASS" signature="testValidInputHour()[pri:0, instance:NextBirthDayDatenew.NextBirthDayDatenew.NextBirthdayAPITest@3e6fa38a]" name="testValidInputHour" duration-ms="2292" started-at="2023-06-27T13:51:35Z" finished-at="2023-06-27T13:51:38Z">
          <reporter-output>
          </reporter-output>
        </test-method> <!-- testValidInputHour -->
        <test-method status="PASS" signature="afterMethod(org.testng.ITestResult)[pri:0, instance:NextBirthDayDatenew.NextBirthDayDatenew.NextBirthdayAPITest@3e6fa38a]" name="afterMethod" is-config="true" duration-ms="1" started-at="2023-06-27T13:51:38Z" finished-at="2023-06-27T13:51:38Z">
          <params>
            <param index="0">
              <value>
                <![CDATA[[TestResult name=testValidInputHour status=SUCCESS method=NextBirthdayAPITest.testValidInputHour()[pri:0, instance:NextBirthDayDatenew.NextBirthDayDatenew.NextBirthdayAPITest@3e6fa38a] output={null}]]]>
              </value>
            </param>
          </params>
          <reporter-output>
          </reporter-output>
        </test-method> <!-- afterMethod -->
        <test-method status="PASS" signature="testValidInputDay()[pri:1, instance:NextBirthDayDatenew.NextBirthDayDatenew.NextBirthdayAPITest@3e6fa38a]" name="testValidInputDay" duration-ms="530" started-at="2023-06-27T13:51:38Z" finished-at="2023-06-27T13:51:38Z">
          <reporter-output>
          </reporter-output>
        </test-method> <!-- testValidInputDay -->
        <test-method status="PASS" signature="afterMethod(org.testng.ITestResult)[pri:0, instance:NextBirthDayDatenew.NextBirthDayDatenew.NextBirthdayAPITest@3e6fa38a]" name="afterMethod" is-config="true" duration-ms="2" started-at="2023-06-27T13:51:38Z" finished-at="2023-06-27T13:51:38Z">
          <params>
            <param index="0">
              <value>
                <![CDATA[[TestResult name=testValidInputDay status=SUCCESS method=NextBirthdayAPITest.testValidInputDay()[pri:1, instance:NextBirthDayDatenew.NextBirthDayDatenew.NextBirthdayAPITest@3e6fa38a] output={null}]]]>
              </value>
            </param>
          </params>
          <reporter-output>
          </reporter-output>
        </test-method> <!-- afterMethod -->
        <test-method status="PASS" signature="testValidInputWeek()[pri:2, instance:NextBirthDayDatenew.NextBirthDayDatenew.NextBirthdayAPITest@3e6fa38a]" name="testValidInputWeek" duration-ms="576" started-at="2023-06-27T13:51:38Z" finished-at="2023-06-27T13:51:39Z">
          <reporter-output>
          </reporter-output>
        </test-method> <!-- testValidInputWeek -->
        <test-method status="PASS" signature="afterMethod(org.testng.ITestResult)[pri:0, instance:NextBirthDayDatenew.NextBirthDayDatenew.NextBirthdayAPITest@3e6fa38a]" name="afterMethod" is-config="true" duration-ms="1" started-at="2023-06-27T13:51:39Z" finished-at="2023-06-27T13:51:39Z">
          <params>
            <param index="0">
              <value>
                <![CDATA[[TestResult name=testValidInputWeek status=SUCCESS method=NextBirthdayAPITest.testValidInputWeek()[pri:2, instance:NextBirthDayDatenew.NextBirthDayDatenew.NextBirthdayAPITest@3e6fa38a] output={null}]]]>
              </value>
            </param>
          </params>
          <reporter-output>
          </reporter-output>
        </test-method> <!-- afterMethod -->
        <test-method status="PASS" signature="testValidInputMonth()[pri:3, instance:NextBirthDayDatenew.NextBirthDayDatenew.NextBirthdayAPITest@3e6fa38a]" name="testValidInputMonth" duration-ms="534" started-at="2023-06-27T13:51:39Z" finished-at="2023-06-27T13:51:39Z">
          <reporter-output>
          </reporter-output>
        </test-method> <!-- testValidInputMonth -->
        <test-method status="PASS" signature="afterMethod(org.testng.ITestResult)[pri:0, instance:NextBirthDayDatenew.NextBirthDayDatenew.NextBirthdayAPITest@3e6fa38a]" name="afterMethod" is-config="true" duration-ms="0" started-at="2023-06-27T13:51:39Z" finished-at="2023-06-27T13:51:39Z">
          <params>
            <param index="0">
              <value>
                <![CDATA[[TestResult name=testValidInputMonth status=SUCCESS method=NextBirthdayAPITest.testValidInputMonth()[pri:3, instance:NextBirthDayDatenew.NextBirthDayDatenew.NextBirthdayAPITest@3e6fa38a] output={null}]]]>
              </value>
            </param>
          </params>
          <reporter-output>
          </reporter-output>
        </test-method> <!-- afterMethod -->
        <test-method status="FAIL" signature="testMissingQueryParameters()[pri:4, instance:NextBirthDayDatenew.NextBirthDayDatenew.NextBirthdayAPITest@3e6fa38a]" name="testMissingQueryParameters" duration-ms="1281" started-at="2023-06-27T13:51:39Z" finished-at="2023-06-27T13:51:41Z">
          <exception class="java.lang.AssertionError">
            <message>
              <![CDATA[expected [true] but found [false]]]>
            </message>
            <full-stacktrace>
              <![CDATA[java.lang.AssertionError: expected [true] but found [false]
	at org.testng.Assert.fail(Assert.java:93)
	at org.testng.Assert.failNotEquals(Assert.java:512)
	at org.testng.Assert.assertTrue(Assert.java:41)
	at org.testng.Assert.assertTrue(Assert.java:51)
	at NextBirthDayDatenew.NextBirthDayDatenew.NextBirthdayAPITest.testMissingQueryParameters(NextBirthdayAPITest.java:122)
	at sun.reflect.NativeMethodAccessorImpl.invoke0(Native Method)
	at sun.reflect.NativeMethodAccessorImpl.invoke(Unknown Source)
	at sun.reflect.DelegatingMethodAccessorImpl.invoke(Unknown Source)
	at java.lang.reflect.Method.invoke(Unknown Source)
	at org.testng.internal.MethodInvocationHelper.invokeMethod(MethodInvocationHelper.java:108)
	at org.testng.internal.Invoker.invokeMethod(Invoker.java:661)
	at org.testng.internal.Invoker.invokeTestMethod(Invoker.java:869)
	at org.testng.internal.Invoker.invokeTestMethods(Invoker.java:1193)
	at org.testng.internal.TestMethodWorker.invokeTestMethods(TestMethodWorker.java:126)
	at org.testng.internal.TestMethodWorker.run(TestMethodWorker.java:109)
	at org.testng.TestRunner.privateRun(TestRunner.java:744)
	at org.testng.TestRunner.run(TestRunner.java:602)
	at org.testng.SuiteRunner.runTest(SuiteRunner.java:380)
	at org.testng.SuiteRunner.runSequentially(SuiteRunner.java:375)
	at org.testng.SuiteRunner.privateRun(SuiteRunner.java:340)
	at org.testng.SuiteRunner.run(SuiteRunner.java:289)
	at org.testng.SuiteRunnerWorker.runSuite(SuiteRunnerWorker.java:52)
	at org.testng.SuiteRunnerWorker.run(SuiteRunnerWorker.java:86)
	at org.testng.TestNG.runSuitesSequentially(TestNG.java:1301)
	at org.testng.TestNG.runSuitesLocally(TestNG.java:1226)
	at org.testng.TestNG.runSuites(TestNG.java:1144)
	at org.testng.TestNG.run(TestNG.java:1115)
	at org.testng.remote.AbstractRemoteTestNG.run(AbstractRemoteTestNG.java:132)
	at org.testng.remote.RemoteTestNG.initAndRun(RemoteTestNG.java:230)
	at org.testng.remote.RemoteTestNG.main(RemoteTestNG.java:76)
]]>
            </full-stacktrace>
          </exception> <!-- java.lang.AssertionError -->
          <reporter-output>
          </reporter-output>
        </test-method> <!-- testMissingQueryParameters -->
        <test-method status="PASS" signature="afterMethod(org.testng.ITestResult)[pri:0, instance:NextBirthDayDatenew.NextBirthDayDatenew.NextBirthdayAPITest@3e6fa38a]" name="afterMethod" is-config="true" duration-ms="146" started-at="2023-06-27T13:51:41Z" finished-at="2023-06-27T13:51:41Z">
          <params>
            <param index="0">
              <value>
                <![CDATA[[TestResult name=testMissingQueryParameters status=FAILURE method=NextBirthdayAPITest.testMissingQueryParameters()[pri:4, instance:NextBirthDayDatenew.NextBirthDayDatenew.NextBirthdayAPITest@3e6fa38a] output={null}]]]>
              </value>
            </param>
          </params>
          <reporter-output>
          </reporter-output>
        </test-method> <!-- afterMethod -->
        <test-method status="FAIL" signature="testInvalidDateFormat()[pri:5, instance:NextBirthDayDatenew.NextBirthDayDatenew.NextBirthdayAPITest@3e6fa38a]" name="testInvalidDateFormat" duration-ms="684" started-at="2023-06-27T13:51:41Z" finished-at="2023-06-27T13:51:41Z">
          <exception class="java.lang.AssertionError">
            <message>
              <![CDATA[expected [true] but found [false]]]>
            </message>
            <full-stacktrace>
              <![CDATA[java.lang.AssertionError: expected [true] but found [false]
	at org.testng.Assert.fail(Assert.java:93)
	at org.testng.Assert.failNotEquals(Assert.java:512)
	at org.testng.Assert.assertTrue(Assert.java:41)
	at org.testng.Assert.assertTrue(Assert.java:51)
	at NextBirthDayDatenew.NextBirthDayDatenew.NextBirthdayAPITest.testInvalidDateFormat(NextBirthdayAPITest.java:134)
	at sun.reflect.NativeMethodAccessorImpl.invoke0(Native Method)
	at sun.reflect.NativeMethodAccessorImpl.invoke(Unknown Source)
	at sun.reflect.DelegatingMethodAccessorImpl.invoke(Unknown Source)
	at java.lang.reflect.Method.invoke(Unknown Source)
	at org.testng.internal.MethodInvocationHelper.invokeMethod(MethodInvocationHelper.java:108)
	at org.testng.internal.Invoker.invokeMethod(Invoker.java:661)
	at org.testng.internal.Invoker.invokeTestMethod(Invoker.java:869)
	at org.testng.internal.Invoker.invokeTestMethods(Invoker.java:1193)
	at org.testng.internal.TestMethodWorker.invokeTestMethods(TestMethodWorker.java:126)
	at org.testng.internal.TestMethodWorker.run(TestMethodWorker.java:109)
	at org.testng.TestRunner.privateRun(TestRunner.java:744)
	at org.testng.TestRunner.run(TestRunner.java:602)
	at org.testng.SuiteRunner.runTest(SuiteRunner.java:380)
	at org.testng.SuiteRunner.runSequentially(SuiteRunner.java:375)
	at org.testng.SuiteRunner.privateRun(SuiteRunner.java:340)
	at org.testng.SuiteRunner.run(SuiteRunner.java:289)
	at org.testng.SuiteRunnerWorker.runSuite(SuiteRunnerWorker.java:52)
	at org.testng.SuiteRunnerWorker.run(SuiteRunnerWorker.java:86)
	at org.testng.TestNG.runSuitesSequentially(TestNG.java:1301)
	at org.testng.TestNG.runSuitesLocally(TestNG.java:1226)
	at org.testng.TestNG.runSuites(TestNG.java:1144)
	at org.testng.TestNG.run(TestNG.java:1115)
	at org.testng.remote.AbstractRemoteTestNG.run(AbstractRemoteTestNG.java:132)
	at org.testng.remote.RemoteTestNG.initAndRun(RemoteTestNG.java:230)
	at org.testng.remote.RemoteTestNG.main(RemoteTestNG.java:76)
]]>
            </full-stacktrace>
          </exception> <!-- java.lang.AssertionError -->
          <reporter-output>
          </reporter-output>
        </test-method> <!-- testInvalidDateFormat -->
        <test-method status="PASS" signature="afterMethod(org.testng.ITestResult)[pri:0, instance:NextBirthDayDatenew.NextBirthDayDatenew.NextBirthdayAPITest@3e6fa38a]" name="afterMethod" is-config="true" duration-ms="124" started-at="2023-06-27T13:51:41Z" finished-at="2023-06-27T13:51:42Z">
          <params>
            <param index="0">
              <value>
                <![CDATA[[TestResult name=testInvalidDateFormat status=FAILURE method=NextBirthdayAPITest.testInvalidDateFormat()[pri:5, instance:NextBirthDayDatenew.NextBirthDayDatenew.NextBirthdayAPITest@3e6fa38a] output={null}]]]>
              </value>
            </param>
          </params>
          <reporter-output>
          </reporter-output>
        </test-method> <!-- afterMethod -->
        <test-method status="FAIL" signature="testInvalidUnitValue()[pri:6, instance:NextBirthDayDatenew.NextBirthDayDatenew.NextBirthdayAPITest@3e6fa38a]" name="testInvalidUnitValue" duration-ms="699" started-at="2023-06-27T13:51:42Z" finished-at="2023-06-27T13:51:42Z">
          <exception class="java.lang.AssertionError">
            <message>
              <![CDATA[expected [true] but found [false]]]>
            </message>
            <full-stacktrace>
              <![CDATA[java.lang.AssertionError: expected [true] but found [false]
	at org.testng.Assert.fail(Assert.java:93)
	at org.testng.Assert.failNotEquals(Assert.java:512)
	at org.testng.Assert.assertTrue(Assert.java:41)
	at org.testng.Assert.assertTrue(Assert.java:51)
	at NextBirthDayDatenew.NextBirthDayDatenew.NextBirthdayAPITest.testInvalidUnitValue(NextBirthdayAPITest.java:146)
	at sun.reflect.NativeMethodAccessorImpl.invoke0(Native Method)
	at sun.reflect.NativeMethodAccessorImpl.invoke(Unknown Source)
	at sun.reflect.DelegatingMethodAccessorImpl.invoke(Unknown Source)
	at java.lang.reflect.Method.invoke(Unknown Source)
	at org.testng.internal.MethodInvocationHelper.invokeMethod(MethodInvocationHelper.java:108)
	at org.testng.internal.Invoker.invokeMethod(Invoker.java:661)
	at org.testng.internal.Invoker.invokeTestMethod(Invoker.java:869)
	at org.testng.internal.Invoker.invokeTestMethods(Invoker.java:1193)
	at org.testng.internal.TestMethodWorker.invokeTestMethods(TestMethodWorker.java:126)
	at org.testng.internal.TestMethodWorker.run(TestMethodWorker.java:109)
	at org.testng.TestRunner.privateRun(TestRunner.java:744)
	at org.testng.TestRunner.run(TestRunner.java:602)
	at org.testng.SuiteRunner.runTest(SuiteRunner.java:380)
	at org.testng.SuiteRunner.runSequentially(SuiteRunner.java:375)
	at org.testng.SuiteRunner.privateRun(SuiteRunner.java:340)
	at org.testng.SuiteRunner.run(SuiteRunner.java:289)
	at org.testng.SuiteRunnerWorker.runSuite(SuiteRunnerWorker.java:52)
	at org.testng.SuiteRunnerWorker.run(SuiteRunnerWorker.java:86)
	at org.testng.TestNG.runSuitesSequentially(TestNG.java:1301)
	at org.testng.TestNG.runSuitesLocally(TestNG.java:1226)
	at org.testng.TestNG.runSuites(TestNG.java:1144)
	at org.testng.TestNG.run(TestNG.java:1115)
	at org.testng.remote.AbstractRemoteTestNG.run(AbstractRemoteTestNG.java:132)
	at org.testng.remote.RemoteTestNG.initAndRun(RemoteTestNG.java:230)
	at org.testng.remote.RemoteTestNG.main(RemoteTestNG.java:76)
]]>
            </full-stacktrace>
          </exception> <!-- java.lang.AssertionError -->
          <reporter-output>
          </reporter-output>
        </test-method> <!-- testInvalidUnitValue -->
        <test-method status="PASS" signature="afterMethod(org.testng.ITestResult)[pri:0, instance:NextBirthDayDatenew.NextBirthDayDatenew.NextBirthdayAPITest@3e6fa38a]" name="afterMethod" is-config="true" duration-ms="112" started-at="2023-06-27T13:51:42Z" finished-at="2023-06-27T13:51:42Z">
          <params>
            <param index="0">
              <value>
                <![CDATA[[TestResult name=testInvalidUnitValue status=FAILURE method=NextBirthdayAPITest.testInvalidUnitValue()[pri:6, instance:NextBirthDayDatenew.NextBirthDayDatenew.NextBirthdayAPITest@3e6fa38a] output={null}]]]>
              </value>
            </param>
          </params>
          <reporter-output>
          </reporter-output>
        </test-method> <!-- afterMethod -->
        <test-method status="FAIL" signature="testFutureDateOfBirth()[pri:7, instance:NextBirthDayDatenew.NextBirthDayDatenew.NextBirthdayAPITest@3e6fa38a]" name="testFutureDateOfBirth" duration-ms="262" started-at="2023-06-27T13:51:42Z" finished-at="2023-06-27T13:51:43Z">
          <exception class="java.lang.AssertionError">
            <message>
              <![CDATA[expected [true] but found [false]]]>
            </message>
            <full-stacktrace>
              <![CDATA[java.lang.AssertionError: expected [true] but found [false]
	at org.testng.Assert.fail(Assert.java:93)
	at org.testng.Assert.failNotEquals(Assert.java:512)
	at org.testng.Assert.assertTrue(Assert.java:41)
	at org.testng.Assert.assertTrue(Assert.java:51)
	at NextBirthDayDatenew.NextBirthDayDatenew.NextBirthdayAPITest.testFutureDateOfBirth(NextBirthdayAPITest.java:158)
	at sun.reflect.NativeMethodAccessorImpl.invoke0(Native Method)
	at sun.reflect.NativeMethodAccessorImpl.invoke(Unknown Source)
	at sun.reflect.DelegatingMethodAccessorImpl.invoke(Unknown Source)
	at java.lang.reflect.Method.invoke(Unknown Source)
	at org.testng.internal.MethodInvocationHelper.invokeMethod(MethodInvocationHelper.java:108)
	at org.testng.internal.Invoker.invokeMethod(Invoker.java:661)
	at org.testng.internal.Invoker.invokeTestMethod(Invoker.java:869)
	at org.testng.internal.Invoker.invokeTestMethods(Invoker.java:1193)
	at org.testng.internal.TestMethodWorker.invokeTestMethods(TestMethodWorker.java:126)
	at org.testng.internal.TestMethodWorker.run(TestMethodWorker.java:109)
	at org.testng.TestRunner.privateRun(TestRunner.java:744)
	at org.testng.TestRunner.run(TestRunner.java:602)
	at org.testng.SuiteRunner.runTest(SuiteRunner.java:380)
	at org.testng.SuiteRunner.runSequentially(SuiteRunner.java:375)
	at org.testng.SuiteRunner.privateRun(SuiteRunner.java:340)
	at org.testng.SuiteRunner.run(SuiteRunner.java:289)
	at org.testng.SuiteRunnerWorker.runSuite(SuiteRunnerWorker.java:52)
	at org.testng.SuiteRunnerWorker.run(SuiteRunnerWorker.java:86)
	at org.testng.TestNG.runSuitesSequentially(TestNG.java:1301)
	at org.testng.TestNG.runSuitesLocally(TestNG.java:1226)
	at org.testng.TestNG.runSuites(TestNG.java:1144)
	at org.testng.TestNG.run(TestNG.java:1115)
	at org.testng.remote.AbstractRemoteTestNG.run(AbstractRemoteTestNG.java:132)
	at org.testng.remote.RemoteTestNG.initAndRun(RemoteTestNG.java:230)
	at org.testng.remote.RemoteTestNG.main(RemoteTestNG.java:76)
]]>
            </full-stacktrace>
          </exception> <!-- java.lang.AssertionError -->
          <reporter-output>
          </reporter-output>
        </test-method> <!-- testFutureDateOfBirth -->
        <test-method status="PASS" signature="afterMethod(org.testng.ITestResult)[pri:0, instance:NextBirthDayDatenew.NextBirthDayDatenew.NextBirthdayAPITest@3e6fa38a]" name="afterMethod" is-config="true" duration-ms="99" started-at="2023-06-27T13:51:43Z" finished-at="2023-06-27T13:51:43Z">
          <params>
            <param index="0">
              <value>
                <![CDATA[[TestResult name=testFutureDateOfBirth status=FAILURE method=NextBirthdayAPITest.testFutureDateOfBirth()[pri:7, instance:NextBirthDayDatenew.NextBirthDayDatenew.NextBirthdayAPITest@3e6fa38a] output={null}]]]>
              </value>
            </param>
          </params>
          <reporter-output>
          </reporter-output>
        </test-method> <!-- afterMethod -->
        <test-method status="PASS" signature="testTodayDateOfBirth()[pri:8, instance:NextBirthDayDatenew.NextBirthDayDatenew.NextBirthdayAPITest@3e6fa38a]" name="testTodayDateOfBirth" duration-ms="727" started-at="2023-06-27T13:51:43Z" finished-at="2023-06-27T13:51:43Z">
          <reporter-output>
          </reporter-output>
        </test-method> <!-- testTodayDateOfBirth -->
        <test-method status="PASS" signature="afterMethod(org.testng.ITestResult)[pri:0, instance:NextBirthDayDatenew.NextBirthDayDatenew.NextBirthdayAPITest@3e6fa38a]" name="afterMethod" is-config="true" duration-ms="0" started-at="2023-06-27T13:51:43Z" finished-at="2023-06-27T13:51:43Z">
          <params>
            <param index="0">
              <value>
                <![CDATA[[TestResult name=testTodayDateOfBirth status=SUCCESS method=NextBirthdayAPITest.testTodayDateOfBirth()[pri:8, instance:NextBirthDayDatenew.NextBirthDayDatenew.NextBirthdayAPITest@3e6fa38a] output={null}]]]>
              </value>
            </param>
          </params>
          <reporter-output>
          </reporter-output>
        </test-method> <!-- afterMethod -->
        <test-method status="FAIL" signature="testLeapYear()[pri:9, instance:NextBirthDayDatenew.NextBirthDayDatenew.NextBirthdayAPITest@3e6fa38a]" name="testLeapYear" duration-ms="734" started-at="2023-06-27T13:51:43Z" finished-at="2023-06-27T13:51:44Z">
          <exception class="java.lang.AssertionError">
            <message>
              <![CDATA[expected [true] but found [false]]]>
            </message>
            <full-stacktrace>
              <![CDATA[java.lang.AssertionError: expected [true] but found [false]
	at org.testng.Assert.fail(Assert.java:93)
	at org.testng.Assert.failNotEquals(Assert.java:512)
	at org.testng.Assert.assertTrue(Assert.java:41)
	at org.testng.Assert.assertTrue(Assert.java:51)
	at NextBirthDayDatenew.NextBirthDayDatenew.NextBirthdayAPITest.testLeapYear(NextBirthdayAPITest.java:182)
	at sun.reflect.NativeMethodAccessorImpl.invoke0(Native Method)
	at sun.reflect.NativeMethodAccessorImpl.invoke(Unknown Source)
	at sun.reflect.DelegatingMethodAccessorImpl.invoke(Unknown Source)
	at java.lang.reflect.Method.invoke(Unknown Source)
	at org.testng.internal.MethodInvocationHelper.invokeMethod(MethodInvocationHelper.java:108)
	at org.testng.internal.Invoker.invokeMethod(Invoker.java:661)
	at org.testng.internal.Invoker.invokeTestMethod(Invoker.java:869)
	at org.testng.internal.Invoker.invokeTestMethods(Invoker.java:1193)
	at org.testng.internal.TestMethodWorker.invokeTestMethods(TestMethodWorker.java:126)
	at org.testng.internal.TestMethodWorker.run(TestMethodWorker.java:109)
	at org.testng.TestRunner.privateRun(TestRunner.java:744)
	at org.testng.TestRunner.run(TestRunner.java:602)
	at org.testng.SuiteRunner.runTest(SuiteRunner.java:380)
	at org.testng.SuiteRunner.runSequentially(SuiteRunner.java:375)
	at org.testng.SuiteRunner.privateRun(SuiteRunner.java:340)
	at org.testng.SuiteRunner.run(SuiteRunner.java:289)
	at org.testng.SuiteRunnerWorker.runSuite(SuiteRunnerWorker.java:52)
	at org.testng.SuiteRunnerWorker.run(SuiteRunnerWorker.java:86)
	at org.testng.TestNG.runSuitesSequentially(TestNG.java:1301)
	at org.testng.TestNG.runSuitesLocally(TestNG.java:1226)
	at org.testng.TestNG.runSuites(TestNG.java:1144)
	at org.testng.TestNG.run(TestNG.java:1115)
	at org.testng.remote.AbstractRemoteTestNG.run(AbstractRemoteTestNG.java:132)
	at org.testng.remote.RemoteTestNG.initAndRun(RemoteTestNG.java:230)
	at org.testng.remote.RemoteTestNG.main(RemoteTestNG.java:76)
]]>
            </full-stacktrace>
          </exception> <!-- java.lang.AssertionError -->
          <reporter-output>
          </reporter-output>
        </test-method> <!-- testLeapYear -->
        <test-method status="PASS" signature="afterMethod(org.testng.ITestResult)[pri:0, instance:NextBirthDayDatenew.NextBirthDayDatenew.NextBirthdayAPITest@3e6fa38a]" name="afterMethod" is-config="true" duration-ms="104" started-at="2023-06-27T13:51:44Z" finished-at="2023-06-27T13:51:44Z">
          <params>
            <param index="0">
              <value>
                <![CDATA[[TestResult name=testLeapYear status=FAILURE method=NextBirthdayAPITest.testLeapYear()[pri:9, instance:NextBirthDayDatenew.NextBirthDayDatenew.NextBirthdayAPITest@3e6fa38a] output={null}]]]>
              </value>
            </param>
          </params>
          <reporter-output>
          </reporter-output>
        </test-method> <!-- afterMethod -->
        <test-method status="PASS" signature="tearDown()[pri:0, instance:NextBirthDayDatenew.NextBirthDayDatenew.NextBirthdayAPITest@3e6fa38a]" name="tearDown" is-config="true" duration-ms="689" started-at="2023-06-27T13:51:44Z" finished-at="2023-06-27T13:51:45Z">
          <reporter-output>
          </reporter-output>
        </test-method> <!-- tearDown -->
      </class> <!-- NextBirthDayDatenew.NextBirthDayDatenew.NextBirthdayAPITest -->
    </test> <!-- Default test -->
  </suite> <!-- Default suite -->
</testng-results>
